<?xml version="1.0" encoding="UTF-8"?>
<!-- Generated by org.testng.reporters.JUnitXMLReporter -->
<testsuite hostname="Nehal-PC" name="Gmail Registration" tests="2" failures="0" timestamp="15 Sep 2014 06:35:28 GMT" time="0.006" errors="0">
  <testcase name="GmailuserRegistration" time="0.001" classname="dataProviders_SeperateClass.GmailRegistration"/>
  <testcase name="GmailuserRegistration" time="0.001" classname="dataProviders_SeperateClass.GmailRegistration"/>
</testsuite> <!-- Gmail Registration -->
