<?xml version="1.0" encoding="UTF-8"?>
<!-- Generated by org.testng.reporters.JUnitXMLReporter -->
<testsuite hostname="Nehal-PC" name="Assertion Example" tests="3" failures="1" timestamp="22 Sep 2014 00:16:46 GMT" time="0.013" errors="0">
  <testcase name="AssertionExample" time="0.004" classname="test.Assertion_Example"/>
  <testcase name="AssertionExampleFail" time="0.002" classname="test.Assertion_Example">
    <failure type="java.lang.AssertionError" message="Error message of AssertionExampleFail expected [true] but found [false]">
      <![CDATA[java.lang.AssertionError: Error message of AssertionExampleFail expected [true] but found [false]
	at test.Assertion_Example.AssertionExampleFail(Assertion_Example.java:20)
... Removed 26 stack frames]]>
    </failure>
  </testcase> <!-- AssertionExampleFail -->
  <testcase name="AssertionFailandContinue" time="0.001" classname="test.Assertion_Example"/>
</testsuite> <!-- Assertion Example -->
