<?xml version="1.0" encoding="UTF-8"?>
<!-- Generated by org.testng.reporters.JUnitXMLReporter -->
<testsuite hostname="Nehal-PC" name="Skip the test example " tests="1" failures="0" timestamp="22 Sep 2014 00:16:46 GMT" time="0.006" errors="0">
  <testcase name="@BeforeTest beforeTest" time="0.0" classname="test.SkipTestExample">
    <skipped/>
  </testcase> <!-- @BeforeTest beforeTest -->
  <testcase name="SkiptheTest" time="0.002" classname="test.SkipTestExample">
    <skipped/>
  </testcase> <!-- SkiptheTest -->
</testsuite> <!-- Skip the test example  -->
